<?xml version="1.0" encoding="UTF-8"?>
<!-- Generated by org.testng.reporters.JUnitXMLReporter -->
<testsuite hostname="DESKTOP-NF5610O" name="User API Test" tests="15" failures="0" timestamp="16 Sep 2022 03:15:16 GMT" time="41.555" errors="0">
  <testcase name="ValidateLoginBeforeRegistration" time="2.015" classname="UserAPIServices.UserAPIServices.UserAPITest"/>
  <testcase name="validateRegistrationWithInvalidData" time="1.638" classname="UserAPIServices.UserAPIServices.UserAPITest"/>
  <testcase name="ValidateRegistration" time="0.934" classname="UserAPIServices.UserAPIServices.UserAPITest"/>
  <testcase name="ValidateRegistrationWithSameUserData" time="0.401" classname="UserAPIServices.UserAPIServices.UserAPITest"/>
  <testcase name="ValidateAccessingDataWithoutLogin" time="0.394" classname="UserAPIServices.UserAPIServices.UserAPITest"/>
  <testcase name="validateLoginWithInvalidCredentials" time="1.68" classname="UserAPIServices.UserAPIServices.UserAPITest"/>
  <testcase name="validateLogin" time="0.403" classname="UserAPIServices.UserAPIServices.UserAPITest"/>
  <testcase name="validateDataWithoutCreation" time="0.463" classname="UserAPIServices.UserAPIServices.UserAPITest"/>
  <testcase name="createUserData" time="0.558" classname="UserAPIServices.UserAPIServices.UserAPITest"/>
  <testcase name="validateCreatedUserData" time="0.443" classname="UserAPIServices.UserAPIServices.UserAPITest"/>
  <testcase name="updateUserData" time="0.469" classname="UserAPIServices.UserAPIServices.UserAPITest"/>
  <testcase name="validateUpdatedUserData" time="0.462" classname="UserAPIServices.UserAPIServices.UserAPITest"/>
  <testcase name="deleteUserData" time="0.527" classname="UserAPIServices.UserAPIServices.UserAPITest"/>
  <testcase name="validateUserRemove" time="0.53" classname="UserAPIServices.UserAPIServices.UserAPITest"/>
  <testcase name="ValidateUserRemovalForNoUser" time="0.424" classname="UserAPIServices.UserAPIServices.UserAPITest"/>
</testsuite> <!-- User API Test -->
